<?xml version="1.0" encoding="UTF-8"?>
<testng-results ignored="0" total="1" passed="1" failed="0" skipped="0">
  <reporter-output>
  </reporter-output>
  <suite started-at="2023-08-17T22:02:17 IST" name="Default suite" finished-at="2023-08-17T22:02:18 IST" duration-ms="1492">
    <groups>
    </groups>
    <test started-at="2023-08-17T22:02:17 IST" name="Default test" finished-at="2023-08-17T22:02:18 IST" duration-ms="1492">
      <class name="APIautomation.Sumvalidation">
        <test-method signature="SumPrac()[pri:0, instance:APIautomation.Sumvalidation@22ef9844]" started-at="2023-08-17T22:02:17 IST" name="SumPrac" finished-at="2023-08-17T22:02:18 IST" duration-ms="1436" status="PASS">
          <reporter-output>
          </reporter-output>
        </test-method> <!-- SumPrac -->
      </class> <!-- APIautomation.Sumvalidation -->
    </test> <!-- Default test -->
  </suite> <!-- Default suite -->
</testng-results>
